2024-09-21 14:24:55,663 - INFO - Model Version: Dummy
2024-09-21 14:24:55,667 - INFO - Accuracy: 0.9931
2024-09-21 14:24:55,668 - INFO - AUC-PR: 0.0046
2024-09-21 14:24:55,668 - INFO - Optimal Threshold: 0.0198
2024-09-21 14:24:55,668 - INFO - Classification Report:
              precision    recall  f1-score   support

         0.0       1.00      1.00      1.00    292802
         1.0       0.00      0.00      0.00      1342

    accuracy                           0.99    294144
   macro avg       0.50      0.50      0.50    294144
weighted avg       0.99      0.99      0.99    294144

2024-09-21 14:24:55,669 - INFO - Confusion Matrix:
[[292109    693]
 [  1339      3]]
2024-09-21 14:29:26,632 - INFO - Model Version: Dummy
2024-09-21 14:29:26,633 - INFO - Accuracy: 0.9959
2024-09-21 14:29:26,633 - INFO - AUC-PR: 0.6506
2024-09-21 14:29:26,633 - INFO - Optimal Threshold: 0.8856
2024-09-21 14:29:26,633 - INFO - Classification Report:
              precision    recall  f1-score   support

         0.0       1.00      1.00      1.00     29280
         1.0       0.54      0.69      0.61       134

    accuracy                           1.00     29414
   macro avg       0.77      0.84      0.80     29414
weighted avg       1.00      1.00      1.00     29414

2024-09-21 14:29:26,634 - INFO - Confusion Matrix:
[[29202    78]
 [   42    92]]
2024-09-21 15:02:59,128 - INFO - Model Version: Dummy
2024-09-21 15:02:59,135 - INFO - Accuracy: 0.9959
2024-09-21 15:02:59,135 - INFO - AUC-PR: 0.6506
2024-09-21 15:02:59,135 - INFO - Optimal Threshold: 0.8856
2024-09-21 15:02:59,135 - INFO - Classification Report:
              precision    recall  f1-score   support

         0.0       1.00      1.00      1.00     29280
         1.0       0.54      0.69      0.61       134

    accuracy                           1.00     29414
   macro avg       0.77      0.84      0.80     29414
weighted avg       1.00      1.00      1.00     29414

2024-09-21 15:02:59,135 - INFO - Confusion Matrix:
[[29202    78]
 [   42    92]]
2024-09-21 15:02:59,396 - WARNING -  * Debugger is active!
2024-09-21 15:02:59,426 - INFO -  * Debugger PIN: 125-031-393
2024-09-21 15:03:46,761 - INFO - Model Version: Dummy
2024-09-21 15:03:46,766 - INFO - Accuracy: 0.9937
2024-09-21 15:03:46,766 - INFO - AUC-PR: 0.0047
2024-09-21 15:03:46,766 - INFO - Optimal Threshold: 0.0317
2024-09-21 15:03:46,766 - INFO - Classification Report:
              precision    recall  f1-score   support

         0.0       1.00      1.00      1.00     29280
         1.0       0.00      0.00      0.00       134

    accuracy                           0.99     29414
   macro avg       0.50      0.50      0.50     29414
weighted avg       0.99      0.99      0.99     29414

2024-09-21 15:03:46,766 - INFO - Confusion Matrix:
[[29229    51]
 [  134     0]]
2024-09-21 15:03:47,273 - INFO - [31m[1mWARNING: This is a development server. Do not use it in a production deployment. Use a production WSGI server instead.[0m
 * Running on all addresses (0.0.0.0)
 * Running on http://127.0.0.1:5000
 * Running on http://10.180.75.204:5000
2024-09-21 15:03:47,273 - INFO - [33mPress CTRL+C to quit[0m
2024-09-21 15:03:47,331 - INFO -  * Restarting with watchdog (windowsapi)
2024-09-21 15:11:12,073 - INFO - Model Version: Dummy
2024-09-21 15:11:12,074 - INFO - Accuracy: 0.9959
2024-09-21 15:11:12,074 - INFO - AUC-PR: 0.6506
2024-09-21 15:11:12,074 - INFO - Optimal Threshold: 0.8856
2024-09-21 15:11:12,074 - INFO - Classification Report:
              precision    recall  f1-score   support

         0.0       1.00      1.00      1.00     29280
         1.0       0.54      0.69      0.61       134

    accuracy                           1.00     29414
   macro avg       0.77      0.84      0.80     29414
weighted avg       1.00      1.00      1.00     29414

2024-09-21 15:11:12,075 - INFO - Confusion Matrix:
[[29202    78]
 [   42    92]]
